<?xml version="1.0" encoding="UTF-8"?>
<testsuite name="com.jojoldu.book.springboot.web.HelloControllerTest" tests="2" skipped="0" failures="0" errors="0" timestamp="2021-01-22T05:57:42" hostname="DESKTOP-11TRGTD" time="0.407">
  <properties/>
  <testcase name="hello가_리턴된다" classname="com.jojoldu.book.springboot.web.HelloControllerTest" time="0.343"/>
  <testcase name="helloDto가_리턴된다" classname="com.jojoldu.book.springboot.web.HelloControllerTest" time="0.064"/>
  <system-out><![CDATA[14:57:40.169 [Test worker] DEBUG org.springframework.test.context.junit4.SpringJUnit4ClassRunner - SpringJUnit4ClassRunner constructor called with [class com.jojoldu.book.springboot.web.HelloControllerTest]
14:57:40.175 [Test worker] DEBUG org.springframework.test.context.BootstrapUtils - Instantiating CacheAwareContextLoaderDelegate from class [org.springframework.test.context.cache.DefaultCacheAwareContextLoaderDelegate]
14:57:40.182 [Test worker] DEBUG org.springframework.test.context.BootstrapUtils - Instantiating BootstrapContext using constructor [public org.springframework.test.context.support.DefaultBootstrapContext(java.lang.Class,org.springframework.test.context.CacheAwareContextLoaderDelegate)]
14:57:40.196 [Test worker] DEBUG org.springframework.test.context.BootstrapUtils - Instantiating TestContextBootstrapper for test class [com.jojoldu.book.springboot.web.HelloControllerTest] from class [org.springframework.boot.test.autoconfigure.web.servlet.WebMvcTestContextBootstrapper]
14:57:40.212 [Test worker] INFO org.springframework.boot.test.autoconfigure.web.servlet.WebMvcTestContextBootstrapper - Neither @ContextConfiguration nor @ContextHierarchy found for test class [com.jojoldu.book.springboot.web.HelloControllerTest], using SpringBootContextLoader
14:57:40.215 [Test worker] DEBUG org.springframework.test.context.support.AbstractContextLoader - Did not detect default resource location for test class [com.jojoldu.book.springboot.web.HelloControllerTest]: class path resource [com/jojoldu/book/springboot/web/HelloControllerTest-context.xml] does not exist
14:57:40.215 [Test worker] DEBUG org.springframework.test.context.support.AbstractContextLoader - Did not detect default resource location for test class [com.jojoldu.book.springboot.web.HelloControllerTest]: class path resource [com/jojoldu/book/springboot/web/HelloControllerTestContext.groovy] does not exist
14:57:40.215 [Test worker] INFO org.springframework.test.context.support.AbstractContextLoader - Could not detect default resource locations for test class [com.jojoldu.book.springboot.web.HelloControllerTest]: no resource found for suffixes {-context.xml, Context.groovy}.
14:57:40.216 [Test worker] INFO org.springframework.test.context.support.AnnotationConfigContextLoaderUtils - Could not detect default configuration classes for test class [com.jojoldu.book.springboot.web.HelloControllerTest]: HelloControllerTest does not declare any static, non-private, non-final, nested classes annotated with @Configuration.
14:57:40.269 [Test worker] DEBUG org.springframework.test.context.support.ActiveProfilesUtils - Could not find an 'annotation declaring class' for annotation type [org.springframework.test.context.ActiveProfiles] and class [com.jojoldu.book.springboot.web.HelloControllerTest]
14:57:40.329 [Test worker] DEBUG org.springframework.context.annotation.ClassPathScanningCandidateComponentProvider - Identified candidate component class: file [C:\Users\2008q\IdeaProjects\freelec-springboot2-webservice-\build\classes\java\main\com\jojoldu\book\springboot\Application.class]
14:57:40.330 [Test worker] INFO org.springframework.boot.test.context.SpringBootTestContextBootstrapper - Found @SpringBootConfiguration com.jojoldu.book.springboot.Application for test class com.jojoldu.book.springboot.web.HelloControllerTest
14:57:40.331 [Test worker] DEBUG org.springframework.boot.test.autoconfigure.web.servlet.WebMvcTestContextBootstrapper - @TestExecutionListeners is not present for class [com.jojoldu.book.springboot.web.HelloControllerTest]: using defaults.
14:57:40.332 [Test worker] INFO org.springframework.boot.test.autoconfigure.web.servlet.WebMvcTestContextBootstrapper - Loaded default TestExecutionListener class names from location [META-INF/spring.factories]: [org.springframework.security.test.context.support.WithSecurityContextTestExecutionListener, org.springframework.security.test.context.support.ReactorContextTestExecutionListener, org.springframework.boot.test.autoconfigure.restdocs.RestDocsTestExecutionListener, org.springframework.boot.test.autoconfigure.web.client.MockRestServiceServerResetTestExecutionListener, org.springframework.boot.test.autoconfigure.web.servlet.MockMvcPrintOnlyOnFailureTestExecutionListener, org.springframework.boot.test.autoconfigure.web.servlet.WebDriverTestExecutionListener, org.springframework.boot.test.mock.mockito.MockitoTestExecutionListener, org.springframework.boot.test.mock.mockito.ResetMocksTestExecutionListener, org.springframework.test.context.web.ServletTestExecutionListener, org.springframework.test.context.support.DirtiesContextBeforeModesTestExecutionListener, org.springframework.test.context.support.DependencyInjectionTestExecutionListener, org.springframework.test.context.support.DirtiesContextTestExecutionListener, org.springframework.test.context.transaction.TransactionalTestExecutionListener, org.springframework.test.context.jdbc.SqlScriptsTestExecutionListener]
14:57:40.349 [Test worker] INFO org.springframework.boot.test.autoconfigure.web.servlet.WebMvcTestContextBootstrapper - Using TestExecutionListeners: [org.springframework.test.context.web.ServletTestExecutionListener@266e6237, org.springframework.test.context.support.DirtiesContextBeforeModesTestExecutionListener@7647808b, org.springframework.boot.test.mock.mockito.MockitoTestExecutionListener@6d52b576, org.springframework.boot.test.autoconfigure.SpringBootDependencyInjectionTestExecutionListener@61ead949, org.springframework.test.context.support.DirtiesContextTestExecutionListener@34406099, org.springframework.test.context.transaction.TransactionalTestExecutionListener@7ec9fd42, org.springframework.test.context.jdbc.SqlScriptsTestExecutionListener@6481ee8, org.springframework.security.test.context.support.WithSecurityContextTestExecutionListener@31dfbff9, org.springframework.security.test.context.support.ReactorContextTestExecutionListener@6ac55f3, org.springframework.boot.test.autoconfigure.restdocs.RestDocsTestExecutionListener@373e9b89, org.springframework.boot.test.autoconfigure.web.client.MockRestServiceServerResetTestExecutionListener@71476cd8, org.springframework.boot.test.autoconfigure.web.servlet.MockMvcPrintOnlyOnFailureTestExecutionListener@3dab357e, org.springframework.boot.test.autoconfigure.web.servlet.WebDriverTestExecutionListener@59ccecf5, org.springframework.boot.test.mock.mockito.ResetMocksTestExecutionListener@1a6dc696]
14:57:40.352 [Test worker] DEBUG org.springframework.test.annotation.ProfileValueUtils - Retrieved @ProfileValueSourceConfiguration [null] for test class [com.jojoldu.book.springboot.web.HelloControllerTest]
14:57:40.352 [Test worker] DEBUG org.springframework.test.annotation.ProfileValueUtils - Retrieved ProfileValueSource type [class org.springframework.test.annotation.SystemProfileValueSource] for class [com.jojoldu.book.springboot.web.HelloControllerTest]
14:57:40.353 [Test worker] DEBUG org.springframework.test.annotation.ProfileValueUtils - Retrieved @ProfileValueSourceConfiguration [null] for test class [com.jojoldu.book.springboot.web.HelloControllerTest]
14:57:40.353 [Test worker] DEBUG org.springframework.test.annotation.ProfileValueUtils - Retrieved ProfileValueSource type [class org.springframework.test.annotation.SystemProfileValueSource] for class [com.jojoldu.book.springboot.web.HelloControllerTest]
14:57:40.357 [Test worker] DEBUG org.springframework.test.context.support.AbstractDirtiesContextTestExecutionListener - Before test class: context [DefaultTestContext@37a79f5b testClass = HelloControllerTest, testInstance = [null], testMethod = [null], testException = [null], mergedContextConfiguration = [WebMergedContextConfiguration@69e7c7af testClass = HelloControllerTest, locations = '{}', classes = '{class com.jojoldu.book.springboot.Application}', contextInitializerClasses = '[]', activeProfiles = '{}', propertySourceLocations = '{}', propertySourceProperties = '{org.springframework.boot.test.autoconfigure.web.servlet.WebMvcTestContextBootstrapper=true}', contextCustomizers = set[org.springframework.boot.test.autoconfigure.OverrideAutoConfigurationContextCustomizerFactory$DisableAutoConfigurationContextCustomizer@fd66e15, org.springframework.boot.test.autoconfigure.filter.TypeExcludeFiltersContextCustomizer@267e220a, org.springframework.boot.test.autoconfigure.properties.PropertyMappingContextCustomizer@aa3ce427, org.springframework.boot.test.autoconfigure.web.servlet.WebDriverContextCustomizerFactory$Customizer@32a98f0e, [ImportsContextCustomizer@7aada4c4 key = [org.springframework.boot.autoconfigure.cache.CacheAutoConfiguration, org.springframework.boot.autoconfigure.context.MessageSourceAutoConfiguration, org.springframework.boot.autoconfigure.data.web.SpringDataWebAutoConfiguration, org.springframework.boot.autoconfigure.freemarker.FreeMarkerAutoConfiguration, org.springframework.boot.autoconfigure.groovy.template.GroovyTemplateAutoConfiguration, org.springframework.boot.autoconfigure.gson.GsonAutoConfiguration, org.springframework.boot.autoconfigure.hateoas.HypermediaAutoConfiguration, org.springframework.boot.autoconfigure.http.HttpMessageConvertersAutoConfiguration, org.springframework.boot.autoconfigure.jackson.JacksonAutoConfiguration, org.springframework.boot.autoconfigure.jsonb.JsonbAutoConfiguration, org.springframework.boot.autoconfigure.mustache.MustacheAutoConfiguration, org.springframework.boot.autoconfigure.task.TaskExecutionAutoConfiguration, org.springframework.boot.autoconfigure.thymeleaf.ThymeleafAutoConfiguration, org.springframework.boot.autoconfigure.validation.ValidationAutoConfiguration, org.springframework.boot.autoconfigure.web.servlet.error.ErrorMvcAutoConfiguration, org.springframework.boot.autoconfigure.web.servlet.WebMvcAutoConfiguration, org.springframework.boot.test.autoconfigure.web.servlet.MockMvcAutoConfiguration, org.springframework.boot.test.autoconfigure.web.servlet.MockMvcSecurityAutoConfiguration, org.springframework.boot.test.autoconfigure.web.servlet.MockMvcWebClientAutoConfiguration, org.springframework.boot.test.autoconfigure.web.servlet.MockMvcWebDriverAutoConfiguration]], org.springframework.boot.test.context.filter.ExcludeFilterContextCustomizer@3027f5fc, org.springframework.boot.test.json.DuplicateJsonObjectContextCustomizerFactory$DuplicateJsonObjectContextCustomizer@7ca8c941, org.springframework.boot.test.mock.mockito.MockitoContextCustomizer@0], resourceBasePath = 'src/main/webapp', contextLoader = 'org.springframework.boot.test.context.SpringBootContextLoader', parent = [null]], attributes = map[[empty]]], class annotated with @DirtiesContext [false] with mode [null].
14:57:40.358 [Test worker] DEBUG org.springframework.test.annotation.ProfileValueUtils - Retrieved @ProfileValueSourceConfiguration [null] for test class [com.jojoldu.book.springboot.web.HelloControllerTest]
14:57:40.358 [Test worker] DEBUG org.springframework.test.annotation.ProfileValueUtils - Retrieved ProfileValueSource type [class org.springframework.test.annotation.SystemProfileValueSource] for class [com.jojoldu.book.springboot.web.HelloControllerTest]
14:57:40.362 [Test worker] DEBUG org.springframework.test.context.support.DependencyInjectionTestExecutionListener - Performing dependency injection for test context [[DefaultTestContext@37a79f5b testClass = HelloControllerTest, testInstance = com.jojoldu.book.springboot.web.HelloControllerTest@1ff0f0ae, testMethod = [null], testException = [null], mergedContextConfiguration = [WebMergedContextConfiguration@69e7c7af testClass = HelloControllerTest, locations = '{}', classes = '{class com.jojoldu.book.springboot.Application}', contextInitializerClasses = '[]', activeProfiles = '{}', propertySourceLocations = '{}', propertySourceProperties = '{org.springframework.boot.test.autoconfigure.web.servlet.WebMvcTestContextBootstrapper=true}', contextCustomizers = set[org.springframework.boot.test.autoconfigure.OverrideAutoConfigurationContextCustomizerFactory$DisableAutoConfigurationContextCustomizer@fd66e15, org.springframework.boot.test.autoconfigure.filter.TypeExcludeFiltersContextCustomizer@267e220a, org.springframework.boot.test.autoconfigure.properties.PropertyMappingContextCustomizer@aa3ce427, org.springframework.boot.test.autoconfigure.web.servlet.WebDriverContextCustomizerFactory$Customizer@32a98f0e, [ImportsContextCustomizer@7aada4c4 key = [org.springframework.boot.autoconfigure.cache.CacheAutoConfiguration, org.springframework.boot.autoconfigure.context.MessageSourceAutoConfiguration, org.springframework.boot.autoconfigure.data.web.SpringDataWebAutoConfiguration, org.springframework.boot.autoconfigure.freemarker.FreeMarkerAutoConfiguration, org.springframework.boot.autoconfigure.groovy.template.GroovyTemplateAutoConfiguration, org.springframework.boot.autoconfigure.gson.GsonAutoConfiguration, org.springframework.boot.autoconfigure.hateoas.HypermediaAutoConfiguration, org.springframework.boot.autoconfigure.http.HttpMessageConvertersAutoConfiguration, org.springframework.boot.autoconfigure.jackson.JacksonAutoConfiguration, org.springframework.boot.autoconfigure.jsonb.JsonbAutoConfiguration, org.springframework.boot.autoconfigure.mustache.MustacheAutoConfiguration, org.springframework.boot.autoconfigure.task.TaskExecutionAutoConfiguration, org.springframework.boot.autoconfigure.thymeleaf.ThymeleafAutoConfiguration, org.springframework.boot.autoconfigure.validation.ValidationAutoConfiguration, org.springframework.boot.autoconfigure.web.servlet.error.ErrorMvcAutoConfiguration, org.springframework.boot.autoconfigure.web.servlet.WebMvcAutoConfiguration, org.springframework.boot.test.autoconfigure.web.servlet.MockMvcAutoConfiguration, org.springframework.boot.test.autoconfigure.web.servlet.MockMvcSecurityAutoConfiguration, org.springframework.boot.test.autoconfigure.web.servlet.MockMvcWebClientAutoConfiguration, org.springframework.boot.test.autoconfigure.web.servlet.MockMvcWebDriverAutoConfiguration]], org.springframework.boot.test.context.filter.ExcludeFilterContextCustomizer@3027f5fc, org.springframework.boot.test.json.DuplicateJsonObjectContextCustomizerFactory$DuplicateJsonObjectContextCustomizer@7ca8c941, org.springframework.boot.test.mock.mockito.MockitoContextCustomizer@0], resourceBasePath = 'src/main/webapp', contextLoader = 'org.springframework.boot.test.context.SpringBootContextLoader', parent = [null]], attributes = map[[empty]]]].
14:57:40.459 [Test worker] DEBUG org.springframework.test.context.support.TestPropertySourceUtils - Adding inlined properties to environment: {spring.jmx.enabled=false, org.springframework.boot.test.autoconfigure.web.servlet.WebMvcTestContextBootstrapper=true, server.port=-1}

  .   ____          _            __ _ _
 /\\ / ___'_ __ _ _(_)_ __  __ _ \ \ \ \
( ( )\___ | '_ | '_| | '_ \/ _` | \ \ \ \
 \\/  ___)| |_)| | | | | || (_| |  ) ) ) )
  '  |____| .__|_| |_|_| |_\__, | / / / /
 =========|_|==============|___/=/_/_/_/
 :: Spring Boot ::        (v2.1.9.RELEASE)

2021-01-22 14:57:40.724  INFO 6780 --- [    Test worker] c.j.b.s.web.HelloControllerTest          : Starting HelloControllerTest on DESKTOP-11TRGTD with PID 6780 (started by 2008q in C:\Users\2008q\IdeaProjects\freelec-springboot2-webservice-)
2021-01-22 14:57:40.725  INFO 6780 --- [    Test worker] c.j.b.s.web.HelloControllerTest          : The following profiles are active: oauth
2021-01-22 14:57:41.752  INFO 6780 --- [    Test worker] o.s.s.concurrent.ThreadPoolTaskExecutor  : Initializing ExecutorService 'applicationTaskExecutor'
2021-01-22 14:57:41.837  INFO 6780 --- [    Test worker] o.s.b.a.w.s.WelcomePageHandlerMapping    : Adding welcome page template: index
2021-01-22 14:57:42.114  INFO 6780 --- [    Test worker] .s.s.UserDetailsServiceAutoConfiguration : 

Using generated security password: 73be98c5-fa2f-4225-a1d6-00889c46831d

2021-01-22 14:57:42.297  INFO 6780 --- [    Test worker] o.s.s.web.DefaultSecurityFilterChain     : Creating filter chain: any request, [org.springframework.security.web.context.request.async.WebAsyncManagerIntegrationFilter@57879be6, org.springframework.security.web.context.SecurityContextPersistenceFilter@9c1894e, org.springframework.security.web.header.HeaderWriterFilter@27b1f6d9, org.springframework.security.web.csrf.CsrfFilter@17847d9c, org.springframework.security.web.authentication.logout.LogoutFilter@1d933528, org.springframework.security.web.authentication.UsernamePasswordAuthenticationFilter@6ea05736, org.springframework.security.web.authentication.ui.DefaultLoginPageGeneratingFilter@316f6776, org.springframework.security.web.authentication.ui.DefaultLogoutPageGeneratingFilter@527d1fe4, org.springframework.security.web.authentication.www.BasicAuthenticationFilter@4894a8fa, org.springframework.security.web.savedrequest.RequestCacheAwareFilter@43721b62, org.springframework.security.web.servletapi.SecurityContextHolderAwareRequestFilter@74e0fd15, org.springframework.security.web.authentication.AnonymousAuthenticationFilter@4fc7df11, org.springframework.security.web.session.SessionManagementFilter@91f423f, org.springframework.security.web.access.ExceptionTranslationFilter@12aef4c6, org.springframework.security.web.access.intercept.FilterSecurityInterceptor@37365841]
2021-01-22 14:57:42.336  INFO 6780 --- [    Test worker] o.s.b.t.m.w.SpringBootMockServletContext : Initializing Spring TestDispatcherServlet ''
2021-01-22 14:57:42.337  INFO 6780 --- [    Test worker] o.s.t.web.servlet.TestDispatcherServlet  : Initializing Servlet ''
2021-01-22 14:57:42.349  INFO 6780 --- [    Test worker] o.s.t.web.servlet.TestDispatcherServlet  : Completed initialization in 12 ms
2021-01-22 14:57:42.385  INFO 6780 --- [    Test worker] c.j.b.s.web.HelloControllerTest          : Started HelloControllerTest in 1.919 seconds (JVM running for 2.894)
]]></system-out>
  <system-err><![CDATA[]]></system-err>
</testsuite>
