<?xml version="1.0" encoding="UTF-8"?>
<testsuite name="com.jojoldu.book.springboot.domain.posts.PostsRepositoryTest" tests="2" skipped="0" failures="0" errors="0" timestamp="2021-01-22T05:57:46" hostname="DESKTOP-11TRGTD" time="0.149">
  <properties/>
  <testcase name="BaseTimeEntitty_등록" classname="com.jojoldu.book.springboot.domain.posts.PostsRepositoryTest" time="0.14"/>
  <testcase name="게시글저장_불러오기" classname="com.jojoldu.book.springboot.domain.posts.PostsRepositoryTest" time="0.009"/>
  <system-out><![CDATA[2021-01-22 14:57:42.803  INFO 6780 --- [    Test worker] .b.t.c.SpringBootTestContextBootstrapper : Neither @ContextConfiguration nor @ContextHierarchy found for test class [com.jojoldu.book.springboot.domain.posts.PostsRepositoryTest], using SpringBootContextLoader
2021-01-22 14:57:42.805  INFO 6780 --- [    Test worker] o.s.t.c.support.AbstractContextLoader    : Could not detect default resource locations for test class [com.jojoldu.book.springboot.domain.posts.PostsRepositoryTest]: no resource found for suffixes {-context.xml, Context.groovy}.
2021-01-22 14:57:42.805  INFO 6780 --- [    Test worker] t.c.s.AnnotationConfigContextLoaderUtils : Could not detect default configuration classes for test class [com.jojoldu.book.springboot.domain.posts.PostsRepositoryTest]: PostsRepositoryTest does not declare any static, non-private, non-final, nested classes annotated with @Configuration.
2021-01-22 14:57:42.815  INFO 6780 --- [    Test worker] .b.t.c.SpringBootTestContextBootstrapper : Found @SpringBootConfiguration com.jojoldu.book.springboot.Application for test class com.jojoldu.book.springboot.domain.posts.PostsRepositoryTest
2021-01-22 14:57:42.818  INFO 6780 --- [    Test worker] .b.t.c.SpringBootTestContextBootstrapper : Loaded default TestExecutionListener class names from location [META-INF/spring.factories]: [org.springframework.security.test.context.support.WithSecurityContextTestExecutionListener, org.springframework.security.test.context.support.ReactorContextTestExecutionListener, org.springframework.boot.test.autoconfigure.restdocs.RestDocsTestExecutionListener, org.springframework.boot.test.autoconfigure.web.client.MockRestServiceServerResetTestExecutionListener, org.springframework.boot.test.autoconfigure.web.servlet.MockMvcPrintOnlyOnFailureTestExecutionListener, org.springframework.boot.test.autoconfigure.web.servlet.WebDriverTestExecutionListener, org.springframework.boot.test.mock.mockito.MockitoTestExecutionListener, org.springframework.boot.test.mock.mockito.ResetMocksTestExecutionListener, org.springframework.test.context.web.ServletTestExecutionListener, org.springframework.test.context.support.DirtiesContextBeforeModesTestExecutionListener, org.springframework.test.context.support.DependencyInjectionTestExecutionListener, org.springframework.test.context.support.DirtiesContextTestExecutionListener, org.springframework.test.context.transaction.TransactionalTestExecutionListener, org.springframework.test.context.jdbc.SqlScriptsTestExecutionListener]
2021-01-22 14:57:42.819  INFO 6780 --- [    Test worker] .b.t.c.SpringBootTestContextBootstrapper : Using TestExecutionListeners: [org.springframework.test.context.web.ServletTestExecutionListener@2feea705, org.springframework.test.context.support.DirtiesContextBeforeModesTestExecutionListener@15df4a98, org.springframework.boot.test.mock.mockito.MockitoTestExecutionListener@35a7c174, org.springframework.boot.test.autoconfigure.SpringBootDependencyInjectionTestExecutionListener@170da3cb, org.springframework.test.context.support.DirtiesContextTestExecutionListener@4d81e8a0, org.springframework.test.context.transaction.TransactionalTestExecutionListener@22e5f002, org.springframework.test.context.jdbc.SqlScriptsTestExecutionListener@29c2394b, org.springframework.security.test.context.support.WithSecurityContextTestExecutionListener@532bc443, org.springframework.security.test.context.support.ReactorContextTestExecutionListener@112de26e, org.springframework.boot.test.autoconfigure.restdocs.RestDocsTestExecutionListener@1c4575a9, org.springframework.boot.test.autoconfigure.web.client.MockRestServiceServerResetTestExecutionListener@24f50f0b, org.springframework.boot.test.autoconfigure.web.servlet.MockMvcPrintOnlyOnFailureTestExecutionListener@29f1de0a, org.springframework.boot.test.autoconfigure.web.servlet.WebDriverTestExecutionListener@573177c8, org.springframework.boot.test.mock.mockito.ResetMocksTestExecutionListener@606eb8ba]

  .   ____          _            __ _ _
 /\\ / ___'_ __ _ _(_)_ __  __ _ \ \ \ \
( ( )\___ | '_ | '_| | '_ \/ _` | \ \ \ \
 \\/  ___)| |_)| | | | | || (_| |  ) ) ) )
  '  |____| .__|_| |_|_| |_\__, | / / / /
 =========|_|==============|___/=/_/_/_/
 :: Spring Boot ::        (v2.1.9.RELEASE)

2021-01-22 14:57:42.855  INFO 6780 --- [    Test worker] c.j.b.s.d.posts.PostsRepositoryTest      : Starting PostsRepositoryTest on DESKTOP-11TRGTD with PID 6780 (started by 2008q in C:\Users\2008q\IdeaProjects\freelec-springboot2-webservice-)
2021-01-22 14:57:42.855  INFO 6780 --- [    Test worker] c.j.b.s.d.posts.PostsRepositoryTest      : The following profiles are active: oauth
2021-01-22 14:57:43.179  INFO 6780 --- [    Test worker] .s.d.r.c.RepositoryConfigurationDelegate : Bootstrapping Spring Data repositories in DEFAULT mode.
2021-01-22 14:57:43.238  INFO 6780 --- [    Test worker] .s.d.r.c.RepositoryConfigurationDelegate : Finished Spring Data repository scanning in 53ms. Found 2 repository interfaces.
2021-01-22 14:57:43.440  INFO 6780 --- [    Test worker] trationDelegate$BeanPostProcessorChecker : Bean 'org.springframework.transaction.annotation.ProxyTransactionManagementConfiguration' of type [org.springframework.transaction.annotation.ProxyTransactionManagementConfiguration$$EnhancerBySpringCGLIB$$8b63d98b] is not eligible for getting processed by all BeanPostProcessors (for example: not eligible for auto-proxying)
2021-01-22 14:57:43.583  INFO 6780 --- [    Test worker] com.zaxxer.hikari.HikariDataSource       : HikariPool-1 - Starting...
2021-01-22 14:57:43.740  INFO 6780 --- [    Test worker] com.zaxxer.hikari.HikariDataSource       : HikariPool-1 - Start completed.
2021-01-22 14:57:43.820  INFO 6780 --- [    Test worker] o.hibernate.jpa.internal.util.LogHelper  : HHH000204: Processing PersistenceUnitInfo [
	name: default
	...]
2021-01-22 14:57:43.894  INFO 6780 --- [    Test worker] org.hibernate.Version                    : HHH000412: Hibernate Core {5.3.12.Final}
2021-01-22 14:57:43.904  INFO 6780 --- [    Test worker] org.hibernate.cfg.Environment            : HHH000206: hibernate.properties not found
2021-01-22 14:57:43.957  INFO 6780 --- [    Test worker] o.hibernate.annotations.common.Version   : HCANN000001: Hibernate Commons Annotations {5.0.4.Final}
2021-01-22 14:57:44.117  INFO 6780 --- [    Test worker] org.hibernate.dialect.Dialect            : HHH000400: Using dialect: org.hibernate.dialect.MySQL5InnoDBDialect
Hibernate: drop table if exists posts
Hibernate: drop table if exists user
Hibernate: create table posts (id bigint not null auto_increment, created_date datetime, modified_date datetime, author varchar(255), content TEXT not null, title varchar(500) not null, primary key (id)) engine=InnoDB
Hibernate: create table user (id bigint not null auto_increment, created_date datetime, modified_date datetime, email varchar(255) not null, name varchar(255) not null, picture varchar(255), role varchar(255) not null, primary key (id)) engine=InnoDB
2021-01-22 14:57:44.671  INFO 6780 --- [    Test worker] o.h.t.schema.internal.SchemaCreatorImpl  : HHH000476: Executing import script 'org.hibernate.tool.schema.internal.exec.ScriptSourceInputNonExistentImpl@4ba98883'
2021-01-22 14:57:44.674  INFO 6780 --- [    Test worker] j.LocalContainerEntityManagerFactoryBean : Initialized JPA EntityManagerFactory for persistence unit 'default'
2021-01-22 14:57:45.101  INFO 6780 --- [    Test worker] o.h.h.i.QueryTranslatorFactoryInitiator  : HHH000397: Using ASTQueryTranslatorFactory
2021-01-22 14:57:45.392  INFO 6780 --- [    Test worker] o.s.s.web.DefaultSecurityFilterChain     : Creating filter chain: any request, [org.springframework.security.web.context.request.async.WebAsyncManagerIntegrationFilter@4c63440e, org.springframework.security.web.context.SecurityContextPersistenceFilter@70199e1b, org.springframework.security.web.header.HeaderWriterFilter@3cf99527, org.springframework.security.web.authentication.logout.LogoutFilter@a8e7d72, org.springframework.security.oauth2.client.web.OAuth2AuthorizationRequestRedirectFilter@703e6036, org.springframework.security.oauth2.client.web.OAuth2LoginAuthenticationFilter@593e3590, org.springframework.security.web.authentication.ui.DefaultLoginPageGeneratingFilter@365bc4e4, org.springframework.security.web.authentication.ui.DefaultLogoutPageGeneratingFilter@3dcbfbc3, org.springframework.security.web.savedrequest.RequestCacheAwareFilter@1bd307cb, org.springframework.security.web.servletapi.SecurityContextHolderAwareRequestFilter@6b73e93b, org.springframework.security.web.authentication.AnonymousAuthenticationFilter@1df24ce, org.springframework.security.web.session.SessionManagementFilter@2a5ef564, org.springframework.security.web.access.ExceptionTranslationFilter@5fd68ef5, org.springframework.security.web.access.intercept.FilterSecurityInterceptor@2d0e932a]
2021-01-22 14:57:45.695  INFO 6780 --- [    Test worker] o.s.s.concurrent.ThreadPoolTaskExecutor  : Initializing ExecutorService 'applicationTaskExecutor'
2021-01-22 14:57:45.709  WARN 6780 --- [    Test worker] aWebConfiguration$JpaWebMvcConfiguration : spring.jpa.open-in-view is enabled by default. Therefore, database queries may be performed during view rendering. Explicitly configure spring.jpa.open-in-view to disable this warning
2021-01-22 14:57:45.738  INFO 6780 --- [    Test worker] o.s.b.a.w.s.WelcomePageHandlerMapping    : Adding welcome page template: index
2021-01-22 14:57:46.108  INFO 6780 --- [    Test worker] s.a.ScheduledAnnotationBeanPostProcessor : No TaskScheduler/ScheduledExecutorService bean found for scheduled processing
2021-01-22 14:57:46.114  INFO 6780 --- [    Test worker] c.j.b.s.d.posts.PostsRepositoryTest      : Started PostsRepositoryTest in 3.293 seconds (JVM running for 6.623)
Hibernate: insert into posts (created_date, modified_date, author, content, title) values (?, ?, ?, ?, ?)
Hibernate: select posts0_.id as id1_0_, posts0_.created_date as created_2_0_, posts0_.modified_date as modified3_0_, posts0_.author as author4_0_, posts0_.content as content5_0_, posts0_.title as title6_0_ from posts posts0_
>>>>>>>>>>>>> createdDate=2021-01-22T14:57:46.155791, modifiedDate=2021-01-22T14:57:46.155791
Hibernate: select posts0_.id as id1_0_, posts0_.created_date as created_2_0_, posts0_.modified_date as modified3_0_, posts0_.author as author4_0_, posts0_.content as content5_0_, posts0_.title as title6_0_ from posts posts0_
Hibernate: delete from posts where id=?
Hibernate: insert into posts (created_date, modified_date, author, content, title) values (?, ?, ?, ?, ?)
Hibernate: select posts0_.id as id1_0_, posts0_.created_date as created_2_0_, posts0_.modified_date as modified3_0_, posts0_.author as author4_0_, posts0_.content as content5_0_, posts0_.title as title6_0_ from posts posts0_
Hibernate: select posts0_.id as id1_0_, posts0_.created_date as created_2_0_, posts0_.modified_date as modified3_0_, posts0_.author as author4_0_, posts0_.content as content5_0_, posts0_.title as title6_0_ from posts posts0_
Hibernate: delete from posts where id=?
]]></system-out>
  <system-err><![CDATA[]]></system-err>
</testsuite>
